UnvarnishedTransmission/build/outputs/logs/manifest-merger-debug-report.txt
-- Merging decision tree log ---
manifest
ADDED from 11.1BLETest\UnvarnishedTransmission\AndroidManifest.xml:2:1-44:12
INJECTED from 11.1BLETest\UnvarnishedTransmission\AndroidManifest.xml:2:1-44:12
INJECTED from 11.1BLETest\UnvarnishedTransmission\AndroidManifest.xml:2:1-44:12
MERGED from [com.android.support:appcompat-v7:21.0.3] AndroidManifest.xml:14:4-17:12
MERGED from [com.android.support.constraint:constraint-layout:1.1.3] AndroidManifest.xml:2:1-11:12
MERGED from [com.github.PhilJay:MPAndroidChart:v3.1.0-alpha] AndroidManifest.xml:2:1-20:12
MERGED from [com.android.support:support-v4:21.0.3] AndroidManifest.xml:14:4-17:12
INJECTED from 11.1BLETest\UnvarnishedTransmission\AndroidManifest.xml:2:1-44:12
INJECTED from 11.1BLETest\UnvarnishedTransmission\AndroidManifest.xml:2:1-44:12
	package
		ADDED from 11.1BLETest\UnvarnishedTransmission\AndroidManifest.xml:3:5-52
	android:versionName
		ADDED from 11.1BLETest\UnvarnishedTransmission\AndroidManifest.xml:5:5-30
		INJECTED from 11.1BLETest\UnvarnishedTransmission\AndroidManifest.xml
		INJECTED from 11.1BLETest\UnvarnishedTransmission\AndroidManifest.xml
	xmlns:android
		ADDED from 11.1BLETest\UnvarnishedTransmission\AndroidManifest.xml:2:11-69
	android:versionCode
		ADDED from 11.1BLETest\UnvarnishedTransmission\AndroidManifest.xml:4:5-28
		INJECTED from 11.1BLETest\UnvarnishedTransmission\AndroidManifest.xml
		INJECTED from 11.1BLETest\UnvarnishedTransmission\AndroidManifest.xml
uses-sdk
ADDED from 11.1BLETest\UnvarnishedTransmission\AndroidManifest.xml:7:5-47
INJECTED from 11.1BLETest\UnvarnishedTransmission\AndroidManifest.xml:7:5-47
MERGED from [com.android.support:appcompat-v7:21.0.3] AndroidManifest.xml:15:5-42
MERGED from [com.android.support:appcompat-v7:21.0.3] AndroidManifest.xml:15:5-42
MERGED from [com.android.support.constraint:constraint-layout:1.1.3] AndroidManifest.xml:5:5-7:41
MERGED from [com.android.support.constraint:constraint-layout:1.1.3] AndroidManifest.xml:5:5-7:41
MERGED from [com.github.PhilJay:MPAndroidChart:v3.1.0-alpha] AndroidManifest.xml:16:5-18:41
MERGED from [com.github.PhilJay:MPAndroidChart:v3.1.0-alpha] AndroidManifest.xml:16:5-18:41
MERGED from [com.android.support:support-v4:21.0.3] AndroidManifest.xml:15:5-42
MERGED from [com.android.support:support-v4:21.0.3] AndroidManifest.xml:15:5-42
INJECTED from 11.1BLETest\UnvarnishedTransmission\AndroidManifest.xml:7:5-47
	android:targetSdkVersion
		ADDED from 11.1BLETest\UnvarnishedTransmission\AndroidManifest.xml:7:15-44
	android:minSdkVersion
		INJECTED from 11.1BLETest\UnvarnishedTransmission\AndroidManifest.xml
		ADDED from 11.1BLETest\UnvarnishedTransmission\AndroidManifest.xml:7:5-47
		INJECTED from 11.1BLETest\UnvarnishedTransmission\AndroidManifest.xml
uses-permission#android.permission.BLUETOOTH
ADDED from 11.1BLETest\UnvarnishedTransmission\AndroidManifest.xml:9:5-68
	android:name
		ADDED from 11.1BLETest\UnvarnishedTransmission\AndroidManifest.xml:9:22-65
uses-permission#android.permission.BLUETOOTH_ADMIN
ADDED from 11.1BLETest\UnvarnishedTransmission\AndroidManifest.xml:10:5-74
	android:name
		ADDED from 11.1BLETest\UnvarnishedTransmission\AndroidManifest.xml:10:22-71
uses-feature#android.hardware.bluetooth_le
ADDED from 11.1BLETest\UnvarnishedTransmission\AndroidManifest.xml:12:5-14:35
	android:required
		ADDED from 11.1BLETest\UnvarnishedTransmission\AndroidManifest.xml:14:9-32
	android:name
		ADDED from 11.1BLETest\UnvarnishedTransmission\AndroidManifest.xml:13:9-53
uses-permission#android.permission.WRITE_EXTERNAL_STORAGE
ADDED from 11.1BLETest\UnvarnishedTransmission\AndroidManifest.xml:16:5-81
	android:name
		ADDED from 11.1BLETest\UnvarnishedTransmission\AndroidManifest.xml:16:22-78
uses-permission#android.permission.READ_PHONE_STATE
ADDED from 11.1BLETest\UnvarnishedTransmission\AndroidManifest.xml:17:5-75
	android:name
		ADDED from 11.1BLETest\UnvarnishedTransmission\AndroidManifest.xml:17:22-72
uses-permission#android.permission.READ_EXTERNAL_STORAGE
ADDED from 11.1BLETest\UnvarnishedTransmission\AndroidManifest.xml:18:5-80
	android:name
		ADDED from 11.1BLETest\UnvarnishedTransmission\AndroidManifest.xml:18:22-77
application
ADDED from 11.1BLETest\UnvarnishedTransmission\AndroidManifest.xml:20:5-42:19
MERGED from [com.android.support:appcompat-v7:21.0.3] AndroidManifest.xml:16:5-19
MERGED from [com.android.support:appcompat-v7:21.0.3] AndroidManifest.xml:16:5-19
MERGED from [com.android.support.constraint:constraint-layout:1.1.3] AndroidManifest.xml:9:5-20
MERGED from [com.android.support.constraint:constraint-layout:1.1.3] AndroidManifest.xml:9:5-20
MERGED from [com.android.support:support-v4:21.0.3] AndroidManifest.xml:16:5-19
MERGED from [com.android.support:support-v4:21.0.3] AndroidManifest.xml:16:5-19
	android:label
		ADDED from 11.1BLETest\UnvarnishedTransmission\AndroidManifest.xml:23:9-41
	android:icon
		ADDED from 11.1BLETest\UnvarnishedTransmission\AndroidManifest.xml:22:9-42
	android:allowBackup
		ADDED from 11.1BLETest\UnvarnishedTransmission\AndroidManifest.xml:21:9-35
	android:theme
		ADDED from 11.1BLETest\UnvarnishedTransmission\AndroidManifest.xml:24:9-40
activity#com.bluetooth.unvarnishedtransmission.UnvarnishedTransmissionActivity
ADDED from 11.1BLETest\UnvarnishedTransmission\AndroidManifest.xml:25:9-36:20
	android:screenOrientation
		ADDED from 11.1BLETest\UnvarnishedTransmission\AndroidManifest.xml:30:13-50
	android:label
		ADDED from 11.1BLETest\UnvarnishedTransmission\AndroidManifest.xml:28:13-45
	android:windowSoftInputMode
		ADDED from 11.1BLETest\UnvarnishedTransmission\AndroidManifest.xml:29:13-52
	android:configChanges
		ADDED from 11.1BLETest\UnvarnishedTransmission\AndroidManifest.xml:27:13-83
	android:name
		ADDED from 11.1BLETest\UnvarnishedTransmission\AndroidManifest.xml:26:13-60
intent-filter#action:name:android.intent.action.MAIN+category:name:android.intent.category.LAUNCHER
ADDED from 11.1BLETest\UnvarnishedTransmission\AndroidManifest.xml:31:13-35:29
action#android.intent.action.MAIN
ADDED from 11.1BLETest\UnvarnishedTransmission\AndroidManifest.xml:32:17-69
	android:name
		ADDED from 11.1BLETest\UnvarnishedTransmission\AndroidManifest.xml:32:25-66
category#android.intent.category.LAUNCHER
ADDED from 11.1BLETest\UnvarnishedTransmission\AndroidManifest.xml:34:17-77
	android:name
		ADDED from 11.1BLETest\UnvarnishedTransmission\AndroidManifest.xml:34:27-74
activity#com.bluetooth.unvarnishedtransmission.DeviceSearchActivity
ADDED from 11.1BLETest\UnvarnishedTransmission\AndroidManifest.xml:37:9-41:62
	android:screenOrientation
		ADDED from 11.1BLETest\UnvarnishedTransmission\AndroidManifest.xml:41:13-50
	android:label
		ADDED from 11.1BLETest\UnvarnishedTransmission\AndroidManifest.xml:40:13-52
	android:configChanges
		ADDED from 11.1BLETest\UnvarnishedTransmission\AndroidManifest.xml:39:13-83
	android:name
		ADDED from 11.1BLETest\UnvarnishedTransmission\AndroidManifest.xml:38:13-49